{
  "stats": {
    "suites": 9,
    "tests": 16,
    "passes": 16,
    "pending": 0,
    "failures": 0,
    "start": "2023-06-25T15:36:09.007Z",
    "end": "2023-06-25T15:36:13.858Z",
    "duration": 4851,
    "testsRegistered": 16,
    "passPercent": 100,
    "pendingPercent": 0,
    "other": 0,
    "hasOther": false,
    "skipped": 0,
    "hasSkipped": false
  },
  "results": [
    {
      "uuid": "280dd355-c912-4a25-b7e2-3a177f7c4421",
      "title": "",
      "fullFile": "",
      "file": "",
      "beforeHooks": [
        {
          "title": "\"before all\" hook in \"{root}\"",
          "fullTitle": "\"before all\" hook in \"{root}\"",
          "timedOut": false,
          "duration": 739,
          "state": null,
          "speed": null,
          "pass": false,
          "fail": false,
          "pending": false,
          "context": null,
          "code": "request.post('/authentications')\n        .send({\n            \"email\": \"jaya@mail.com\",\n            \"password\": \"1234\"\n        })\n        .end(function(err,response){\n            token = response.body.data.accessToken\n            if(err){\n                throw err\n            }\n            done()\n        })",
          "err": {},
          "uuid": "fe8cc947-5992-41cb-9c29-ec0943e084f1",
          "parentUUID": "280dd355-c912-4a25-b7e2-3a177f7c4421",
          "isHook": true,
          "skipped": false
        }
      ],
      "afterHooks": [],
      "tests": [],
      "suites": [
        {
          "uuid": "b3d35cad-dec5-4810-b15b-d3910bfcc97e",
          "title": "Authorization - Registration",
          "fullFile": "F:\\01 Daftar Kerja\\0.2 Pelatihan\\Sanbercode\\Tugas-4\\test.js",
          "file": "\\test.js",
          "beforeHooks": [],
          "afterHooks": [],
          "tests": [
            {
              "title": "(+)Memasukkan nama, email (dengan format yang valid yaitu mengandung @ dan .) dan password",
              "fullTitle": "Authorization - Registration (+)Memasukkan nama, email (dengan format yang valid yaitu mengandung @ dan .) dan password",
              "timedOut": false,
              "duration": 448,
              "state": "passed",
              "speed": "slow",
              "pass": true,
              "fail": false,
              "pending": false,
              "context": null,
              "code": "const response = await request\n                .post(\"/registration\")\n                .send({\n                    \"name\": \"Toko Jaya\",\n                    \"email\": \"jaya@mail.com\",\n                    \"password\": \"1234\"\n                });\nexpect(await response.statusCode).to.eql(201);\nexpect(await response.body.status).to.eql(\"success\");\nconsole.log(response.body)",
              "err": {},
              "uuid": "9127584f-20a7-4b59-8f76-99d9ad6603b0",
              "parentUUID": "b3d35cad-dec5-4810-b15b-d3910bfcc97e",
              "isHook": false,
              "skipped": false
            },
            {
              "title": "(-)Memasukkan nilai kosong pada kolom nama",
              "fullTitle": "Authorization - Registration (-)Memasukkan nilai kosong pada kolom nama",
              "timedOut": false,
              "duration": 133,
              "state": "passed",
              "speed": "slow",
              "pass": true,
              "fail": false,
              "pending": false,
              "context": null,
              "code": "const response = await request\n                .post(\"/registration\")\n                .send({\n                    \"name\": null,\n                    \"email\": \"jaya@mail.com\",\n                    \"password\": \"1234\"\n                });\nexpect(await response.statusCode).to.eql(400);\nexpect(await response.body.status).to.eql(\"fail\");\nconsole.log(response.body)\nconsole.log(\"Seharusnya inout nama tidak boleh kosong\")",
              "err": {},
              "uuid": "70d85d4f-b58b-4f05-8561-6f9af36b61b3",
              "parentUUID": "b3d35cad-dec5-4810-b15b-d3910bfcc97e",
              "isHook": false,
              "skipped": false
            }
          ],
          "suites": [],
          "passes": [
            "9127584f-20a7-4b59-8f76-99d9ad6603b0",
            "70d85d4f-b58b-4f05-8561-6f9af36b61b3"
          ],
          "failures": [],
          "pending": [],
          "skipped": [],
          "duration": 581,
          "root": false,
          "rootEmpty": false,
          "_timeout": 2000
        },
        {
          "uuid": "28534833-22ea-4450-ad54-54d7734d39ca",
          "title": "Authorization-Login",
          "fullFile": "F:\\01 Daftar Kerja\\0.2 Pelatihan\\Sanbercode\\Tugas-4\\test.js",
          "file": "\\test.js",
          "beforeHooks": [],
          "afterHooks": [],
          "tests": [
            {
              "title": "(+)Memasukkan email (dengan format yang valid yaitu mengandung @ dan .) dan password",
              "fullTitle": "Authorization-Login (+)Memasukkan email (dengan format yang valid yaitu mengandung @ dan .) dan password",
              "timedOut": false,
              "duration": 464,
              "state": "passed",
              "speed": "slow",
              "pass": true,
              "fail": false,
              "pending": false,
              "context": null,
              "code": "const response = await request\n                .post(\"/authentications\")\n                .send({\n                    \"email\": \"jaya@mail.com\",\n                    \"password\": \"1234\"\n                });\nexpect(await response.statusCode).to.eql(201);\nexpect(await response.body.status).to.eql(\"success\");\nconsole.log(response.body)",
              "err": {},
              "uuid": "3490caed-168a-4ec2-8df8-89af177d89cd",
              "parentUUID": "28534833-22ea-4450-ad54-54d7734d39ca",
              "isHook": false,
              "skipped": false
            },
            {
              "title": "(-)Memasukkan password yang salah",
              "fullTitle": "Authorization-Login (-)Memasukkan password yang salah",
              "timedOut": false,
              "duration": 454,
              "state": "passed",
              "speed": "slow",
              "pass": true,
              "fail": false,
              "pending": false,
              "context": null,
              "code": "const response = await request\n                .post(\"/authentications\")\n                .send({\n                    \"email\": \"jaya@mail.com\",\n                    \"password\": \"123456\"\n                });\n                \nexpect(await response.statusCode).to.eql(401);\nexpect(await response.body.status).to.eql(\"fail\");\nconsole.log(response.body)\nconsole.log(\"Password salah\")",
              "err": {},
              "uuid": "7bb32716-fb92-48ce-810d-47a1b756d067",
              "parentUUID": "28534833-22ea-4450-ad54-54d7734d39ca",
              "isHook": false,
              "skipped": false
            }
          ],
          "suites": [],
          "passes": [
            "3490caed-168a-4ec2-8df8-89af177d89cd",
            "7bb32716-fb92-48ce-810d-47a1b756d067"
          ],
          "failures": [],
          "pending": [],
          "skipped": [],
          "duration": 918,
          "root": false,
          "rootEmpty": false,
          "_timeout": 2000
        },
        {
          "uuid": "b16c4dda-8624-44b6-aaa5-d7344b33d35f",
          "title": "User - Create User",
          "fullFile": "F:\\01 Daftar Kerja\\0.2 Pelatihan\\Sanbercode\\Tugas-4\\test.js",
          "file": "\\test.js",
          "beforeHooks": [],
          "afterHooks": [],
          "tests": [
            {
              "title": "(+)Membuat akun baru",
              "fullTitle": "User - Create User (+)Membuat akun baru",
              "timedOut": false,
              "duration": 518,
              "state": "passed",
              "speed": "slow",
              "pass": true,
              "fail": false,
              "pending": false,
              "context": null,
              "code": "request.post(\"/users\")\n       .set('Authorization', `Bearer ${token}`)\n       .send({\n            \"name\": \"Dita Widya\",\n            \"email\": \"dita@mail.com\",\n            \"password\": \"jiasda2321@\"\n        })\n        .end(async function(err,response){\n            expect(await response.statusCode).to.eql(201);\n            expect(await response.body.status).to.eql(\"success\");\n            expect(await response.body.name).not.to.be.null;\n            expect(await response.body.email).not.to.be.null;\n            expect(await response.body.password).not.to.be.null;\n            console.log(response.body);\n            userId = response.body.data.userId;\n            if (err){\n                throw err\n            }\n            done()\n        })",
              "err": {},
              "uuid": "e457c67b-f0cd-4350-934d-00a09df517c8",
              "parentUUID": "b16c4dda-8624-44b6-aaa5-d7344b33d35f",
              "isHook": false,
              "skipped": false
            },
            {
              "title": "(-)Membuat akun baru dengan password kosong",
              "fullTitle": "User - Create User (-)Membuat akun baru dengan password kosong",
              "timedOut": false,
              "duration": 130,
              "state": "passed",
              "speed": "slow",
              "pass": true,
              "fail": false,
              "pending": false,
              "context": null,
              "code": "request.post(\"/users\")\n       .set('Authorization', `Bearer ${token}`)\n       .send({\n            \"name\": \"Dita Widya\",\n            \"email\": \"dita@mail.com\",\n            \"password\": \"\"\n        })\n        .end(async function(err,response){\n            expect(await response.statusCode).to.eql(400);\n            expect(await response.body.status).to.eql(\"fail\");\n            console.log(response.body)\n            console.log(\"Password harus diisi\")\n            if (err){\n                throw err\n            }\n            done()\n        })",
              "err": {},
              "uuid": "f8de1b07-d9cf-469f-8e40-ee34a772713a",
              "parentUUID": "b16c4dda-8624-44b6-aaa5-d7344b33d35f",
              "isHook": false,
              "skipped": false
            }
          ],
          "suites": [],
          "passes": [
            "e457c67b-f0cd-4350-934d-00a09df517c8",
            "f8de1b07-d9cf-469f-8e40-ee34a772713a"
          ],
          "failures": [],
          "pending": [],
          "skipped": [],
          "duration": 648,
          "root": false,
          "rootEmpty": false,
          "_timeout": 2000
        },
        {
          "uuid": "f422c83a-fd99-4575-8a6b-5abc05e1ce84",
          "title": "User - Get User Detail",
          "fullFile": "F:\\01 Daftar Kerja\\0.2 Pelatihan\\Sanbercode\\Tugas-4\\test.js",
          "file": "\\test.js",
          "beforeHooks": [],
          "afterHooks": [],
          "tests": [
            {
              "title": "(+)Mengecek detai cutomer",
              "fullTitle": "User - Get User Detail (+)Mengecek detai cutomer",
              "timedOut": false,
              "duration": 135,
              "state": "passed",
              "speed": "slow",
              "pass": true,
              "fail": false,
              "pending": false,
              "context": null,
              "code": "request.get(`/users/${userId}`)\n       .set('Authorization', `Bearer ${token}`)\n        .end(async function(err,response){\n            expect(await response.statusCode).to.eql(200);\n            expect(await response.body.status).to.eql(\"success\");\n            console.log(response.body)\n            if (err){\n                throw err\n            }\n            done()\n        })",
              "err": {},
              "uuid": "30449a93-c540-4ce9-bbe1-718bc7c1b080",
              "parentUUID": "f422c83a-fd99-4575-8a6b-5abc05e1ce84",
              "isHook": false,
              "skipped": false
            }
          ],
          "suites": [],
          "passes": [
            "30449a93-c540-4ce9-bbe1-718bc7c1b080"
          ],
          "failures": [],
          "pending": [],
          "skipped": [],
          "duration": 135,
          "root": false,
          "rootEmpty": false,
          "_timeout": 2000
        },
        {
          "uuid": "2bd7b32e-49c8-4d6c-86e7-357f7501ae3d",
          "title": "User - Update User",
          "fullFile": "F:\\01 Daftar Kerja\\0.2 Pelatihan\\Sanbercode\\Tugas-4\\test.js",
          "file": "\\test.js",
          "beforeHooks": [],
          "afterHooks": [],
          "tests": [
            {
              "title": "(+)Update nama cutomer",
              "fullTitle": "User - Update User (+)Update nama cutomer",
              "timedOut": false,
              "duration": 134,
              "state": "passed",
              "speed": "slow",
              "pass": true,
              "fail": false,
              "pending": false,
              "context": null,
              "code": "request.put(`/users/${userId}`)\n        .set('Authorization', `Bearer ${token}`)\n        .send({\n            \"name\": \"Dita Widya\",\n            \"email\": \"dita99@mail.com\",\n        })\n        .end(async function(err,response){\n            expect(await response.statusCode).to.eql(200);\n            expect(await response.body.status).to.eql(\"success\");   \n            expect(await response.body.name).not.to.be.null;\n            expect(await response.body.email).not.to.be.null;               \n            console.log(response.body)\n            if (err){\n                throw err\n            }\n            done()\n        })",
              "err": {},
              "uuid": "2a99120a-4887-40b9-9a9c-25c5150bc43b",
              "parentUUID": "2bd7b32e-49c8-4d6c-86e7-357f7501ae3d",
              "isHook": false,
              "skipped": false
            },
            {
              "title": "(-)Update nama cutomer menjadi kosong",
              "fullTitle": "User - Update User (-)Update nama cutomer menjadi kosong",
              "timedOut": false,
              "duration": 122,
              "state": "passed",
              "speed": "slow",
              "pass": true,
              "fail": false,
              "pending": false,
              "context": null,
              "code": "request.put(`/users/${userId}`)\n        .set('Authorization', `Bearer ${token}`)\n        .send({\n            \"name\": \"\",\n            \"email\": \"dita99@mail.com\",\n        })\n        .end(async function(err,response){\n            expect(await response.statusCode).to.eql(400);\n            expect(await response.body.status).to.eql(\"fail\");                    \n            console.log(response.body)\n            console.log(\"Data tidak dapat diupdate karena nama kosong\")\n            if (err){\n                throw err\n            }\n            done()\n        })",
              "err": {},
              "uuid": "4aa132a4-c6ad-4400-a813-7958cfbbe641",
              "parentUUID": "2bd7b32e-49c8-4d6c-86e7-357f7501ae3d",
              "isHook": false,
              "skipped": false
            }
          ],
          "suites": [],
          "passes": [
            "2a99120a-4887-40b9-9a9c-25c5150bc43b",
            "4aa132a4-c6ad-4400-a813-7958cfbbe641"
          ],
          "failures": [],
          "pending": [],
          "skipped": [],
          "duration": 256,
          "root": false,
          "rootEmpty": false,
          "_timeout": 2000
        },
        {
          "uuid": "3cb7c17c-055c-4936-b8ef-0a745b592362",
          "title": "Units - Add Unit",
          "fullFile": "F:\\01 Daftar Kerja\\0.2 Pelatihan\\Sanbercode\\Tugas-4\\test.js",
          "file": "\\test.js",
          "beforeHooks": [],
          "afterHooks": [],
          "tests": [
            {
              "title": "(+)Menambahkan data unit baru",
              "fullTitle": "Units - Add Unit (+)Menambahkan data unit baru",
              "timedOut": false,
              "duration": 146,
              "state": "passed",
              "speed": "slow",
              "pass": true,
              "fail": false,
              "pending": false,
              "context": null,
              "code": "request.post(\"/units\")\n        .set('Authorization', `Bearer ${token}`)\n        .send({\n            \"name\": \"centimeter\",\n            \"description\": \"satuan panjang\"\n        })\n        .end( function(err,response){\n            expect( response.statusCode).to.eql(201);\n            expect( response.body.status).to.eql(\"success\");    \n            expect( response.body.name).not.to.be.null;\n            expect( response.body.description).not.to.be.null;             \n            unitId = response.body.unitId\n            console.log(response.body)\n            if (err){\n                throw err\n            }\n            done()\n        })",
              "err": {},
              "uuid": "f167b22e-a1b0-4a8f-a8c7-c0e55fd4c2ed",
              "parentUUID": "3cb7c17c-055c-4936-b8ef-0a745b592362",
              "isHook": false,
              "skipped": false
            },
            {
              "title": "(-)Menambahkan data unit baru, dengan deskripsi kosong",
              "fullTitle": "Units - Add Unit (-)Menambahkan data unit baru, dengan deskripsi kosong",
              "timedOut": false,
              "duration": 313,
              "state": "passed",
              "speed": "slow",
              "pass": true,
              "fail": false,
              "pending": false,
              "context": null,
              "code": "request.post('/units')\n        .set('Authorization', `Bearer ${token}`)\n        .send({\n            \"name\": \"centimeter\",\n            \"description\": \"\"\n        })\n        .end( function(err,response){\n            expect( response.statusCode).to.eql(400);\n            expect( response.body.status).to.eql(\"fail\"); \n            console.log(response.body)\n            console.log(\"Data tidak dapat ditambahkan karena deskripsi kosong\")\n            if (err){\n                throw err\n            }\n            done()\n        })",
              "err": {},
              "uuid": "5c67653a-2ea7-4715-a22d-81a9b96889fb",
              "parentUUID": "3cb7c17c-055c-4936-b8ef-0a745b592362",
              "isHook": false,
              "skipped": false
            }
          ],
          "suites": [],
          "passes": [
            "f167b22e-a1b0-4a8f-a8c7-c0e55fd4c2ed",
            "5c67653a-2ea7-4715-a22d-81a9b96889fb"
          ],
          "failures": [],
          "pending": [],
          "skipped": [],
          "duration": 459,
          "root": false,
          "rootEmpty": false,
          "_timeout": 2000
        },
        {
          "uuid": "190c9fd5-63b0-4876-8948-500bb9568087",
          "title": "Categories - Add Category",
          "fullFile": "F:\\01 Daftar Kerja\\0.2 Pelatihan\\Sanbercode\\Tugas-4\\test.js",
          "file": "\\test.js",
          "beforeHooks": [],
          "afterHooks": [],
          "tests": [
            {
              "title": "(+)Menambahkan kategori baru",
              "fullTitle": "Categories - Add Category (+)Menambahkan kategori baru",
              "timedOut": false,
              "duration": 138,
              "state": "passed",
              "speed": "slow",
              "pass": true,
              "fail": false,
              "pending": false,
              "context": null,
              "code": "request.post(\"/categories\")\n       .set('Authorization', `Bearer ${token}`)\n       .send({\n            \"name\": \"makanan cepat basi\",\n            \"description\": \"makanan yang masa konsumsinya cepat\"\n        })\n        .end( function(err,response){\n            expect( response.statusCode).to.eql(201);\n            expect( response.body.status).to.eql(\"success\");\n            expect( response.body.name).not.to.be.null;\n            expect( response.body.description).not.to.be.null;\n            console.log(response.body);\n            categoryId = response.body.data.categoryId;\n            if (err){\n                throw err\n            }\n            done()\n        })",
              "err": {},
              "uuid": "0cf4015c-1cbd-4ca8-b704-516b5de72a2f",
              "parentUUID": "190c9fd5-63b0-4876-8948-500bb9568087",
              "isHook": false,
              "skipped": false
            },
            {
              "title": "(+)Menambahkan kategori baru dengan kolom nama dan description kosong",
              "fullTitle": "Categories - Add Category (+)Menambahkan kategori baru dengan kolom nama dan description kosong",
              "timedOut": false,
              "duration": 133,
              "state": "passed",
              "speed": "slow",
              "pass": true,
              "fail": false,
              "pending": false,
              "context": null,
              "code": "request.post(\"/categories\")\n       .set('Authorization', `Bearer ${token}`)\n       .send({\n            \"name\": \"\",\n            \"description\": \"\"\n        })\n        .end( function(err,response){\n            expect( response.statusCode).to.eql(400);\n            expect( response.body.status).to.eql(\"fail\");\n            console.log(response.body);\n            console.log(\"Kolom nama dan deskripsi harus diisi\")\n            if (err){\n                throw err\n            }\n            done()\n        })",
              "err": {},
              "uuid": "9a4df2c0-9c3b-4fec-9b25-f0565abccbed",
              "parentUUID": "190c9fd5-63b0-4876-8948-500bb9568087",
              "isHook": false,
              "skipped": false
            }
          ],
          "suites": [],
          "passes": [
            "0cf4015c-1cbd-4ca8-b704-516b5de72a2f",
            "9a4df2c0-9c3b-4fec-9b25-f0565abccbed"
          ],
          "failures": [],
          "pending": [],
          "skipped": [],
          "duration": 271,
          "root": false,
          "rootEmpty": false,
          "_timeout": 2000
        },
        {
          "uuid": "9b190cd3-3be5-4e2a-99c3-4e620a021429",
          "title": "Products - Add Product",
          "fullFile": "F:\\01 Daftar Kerja\\0.2 Pelatihan\\Sanbercode\\Tugas-4\\test.js",
          "file": "\\test.js",
          "beforeHooks": [],
          "afterHooks": [],
          "tests": [
            {
              "title": "(+)Menambahkan produk baru",
              "fullTitle": "Products - Add Product (+)Menambahkan produk baru",
              "timedOut": false,
              "duration": 449,
              "state": "passed",
              "speed": "slow",
              "pass": true,
              "fail": false,
              "pending": false,
              "context": null,
              "code": "request.post(\"/products\")\n       .set('Authorization', `Bearer ${token}`)\n       .send({\n            \"category_id\" : categoryId,\n            \"code\": \"A314ASDDFIER3123\",\n            \"name\": \"momogi\",\n            \"price\": \"1500\",\n            \"cost\": \"1000\",\n            \"stock\": \"10\"\n        })\n        .end( function(err,response){\n            expect( response.statusCode).to.eql(201);\n            expect( response.body.status).to.eql(\"success\");\n            console.log(response.body);\n            productId = response.body.data.productId;\n            if (err){\n                throw err\n            }\n            done()\n        })",
              "err": {},
              "uuid": "3247c9e8-3b20-4771-96b1-ad8a962188b1",
              "parentUUID": "9b190cd3-3be5-4e2a-99c3-4e620a021429",
              "isHook": false,
              "skipped": false
            },
            {
              "title": "(-)Menambahkan produk baru dengan kolom kode kosong",
              "fullTitle": "Products - Add Product (-)Menambahkan produk baru dengan kolom kode kosong",
              "timedOut": false,
              "duration": 134,
              "state": "passed",
              "speed": "slow",
              "pass": true,
              "fail": false,
              "pending": false,
              "context": null,
              "code": "request.post(\"/products\")\n       .set('Authorization', `Bearer ${token}`)\n       .send({\n            \"category_id\" : \"811f547e-a24e-4f94-bfe1-b7ed7d11c03f\",\n            \"code\": \"\",\n            \"name\": \"momogi\",\n            \"price\": \"1500\",\n            \"cost\": \"1000\",\n            \"stock\": \"10\"\n        })  \n        .end(async function(err,response){\n            expect(await response.statusCode).to.eql(400);\n            expect(await response.body.status).to.eql(\"fail\");\n            console.log(response.body)\n            console.log(\"Kolom code harus diisi\")\n            if (err){\n                throw err\n            }\n            done()\n        })",
              "err": {},
              "uuid": "c89bcf0a-d44a-4df7-8501-e972409af900",
              "parentUUID": "9b190cd3-3be5-4e2a-99c3-4e620a021429",
              "isHook": false,
              "skipped": false
            }
          ],
          "suites": [],
          "passes": [
            "3247c9e8-3b20-4771-96b1-ad8a962188b1",
            "c89bcf0a-d44a-4df7-8501-e972409af900"
          ],
          "failures": [],
          "pending": [],
          "skipped": [],
          "duration": 583,
          "root": false,
          "rootEmpty": false,
          "_timeout": 2000
        },
        {
          "uuid": "8e173877-fb39-434c-9467-09a7e90bd31d",
          "title": "User - Delete User",
          "fullFile": "F:\\01 Daftar Kerja\\0.2 Pelatihan\\Sanbercode\\Tugas-4\\test.js",
          "file": "\\test.js",
          "beforeHooks": [],
          "afterHooks": [],
          "tests": [
            {
              "title": "(+)Mengahpus data user",
              "fullTitle": "User - Delete User (+)Mengahpus data user",
              "timedOut": false,
              "duration": 137,
              "state": "passed",
              "speed": "slow",
              "pass": true,
              "fail": false,
              "pending": false,
              "context": null,
              "code": "request.delete(`/users/${userId}`)\n        .set('Authorization', `Bearer ${token}`)\n        .end(async function(err,response){\n            expect(await response.statusCode).to.eql(200);\n            expect(await response.body.status).to.eql(\"success\");                    \n            console.log(response.body)\n            if (err){\n                throw err\n            }\n            done()\n        })",
              "err": {},
              "uuid": "ee9f1982-1b1d-40cc-b789-94c8b9d38b6a",
              "parentUUID": "8e173877-fb39-434c-9467-09a7e90bd31d",
              "isHook": false,
              "skipped": false
            }
          ],
          "suites": [],
          "passes": [
            "ee9f1982-1b1d-40cc-b789-94c8b9d38b6a"
          ],
          "failures": [],
          "pending": [],
          "skipped": [],
          "duration": 137,
          "root": false,
          "rootEmpty": false,
          "_timeout": 2000
        }
      ],
      "passes": [],
      "failures": [],
      "pending": [],
      "skipped": [],
      "duration": 0,
      "root": true,
      "rootEmpty": true,
      "_timeout": 2000
    }
  ],
  "meta": {
    "mocha": {
      "version": "10.2.0"
    },
    "mochawesome": {
      "options": {
        "quiet": false,
        "reportFilename": "mochawesome",
        "saveHtml": true,
        "saveJson": true,
        "consoleReporter": "spec",
        "useInlineDiffs": false,
        "code": true
      },
      "version": "7.1.3"
    },
    "marge": {
      "options": null,
      "version": "6.2.0"
    }
  }
}